TN:
SF:bin\components\Common\constants.js
FNF:0
FNH:0
DA:1,1
LF:1
LH:1
BRF:0
BRH:0
end_of_record
TN:
SF:bin\components\Common\errors.js
FNF:0
FNH:0
DA:1,1
LF:1
LH:1
BRF:0
BRH:0
end_of_record
TN:
SF:bin\components\Common\index.js
FN:8,Common
FN:18,(anonymous_1)
FN:26,(anonymous_2)
FN:37,(anonymous_3)
FN:41,(anonymous_4)
FNF:5
FNH:2
FNDA:1,Common
FNDA:0,(anonymous_1)
FNDA:0,(anonymous_2)
FNDA:0,(anonymous_3)
FNDA:1,(anonymous_4)
DA:1,1
DA:2,1
DA:3,1
DA:4,1
DA:5,1
DA:9,1
DA:10,1
DA:11,1
DA:12,1
DA:13,1
DA:14,1
DA:15,1
DA:18,1
DA:19,0
DA:20,0
DA:21,0
DA:23,0
DA:26,1
DA:27,0
DA:28,0
DA:29,0
DA:30,0
DA:33,0
DA:37,1
DA:38,0
DA:40,1
DA:42,1
LF:27
LH:17
BRDA:29,0,0,0
BRDA:29,0,1,0
BRF:2
BRH:0
end_of_record
TN:
SF:bin\components\Common\messages.js
FNF:0
FNH:0
DA:1,1
LF:1
LH:1
BRF:0
BRH:0
end_of_record
TN:
SF:bin\components\Logger\index.js
FN:3,(anonymous_0)
FNF:1
FNH:1
FNDA:1,(anonymous_0)
DA:1,1
DA:2,1
DA:4,1
LF:3
LH:3
BRF:0
BRH:0
end_of_record
TN:
SF:bin\components\Logger\log.js
FN:10,(anonymous_0)
FN:20,Logger
FN:37,(anonymous_2)
FN:42,(anonymous_3)
FN:49,(anonymous_4)
FN:79,copyFile
FN:83,(anonymous_6)
FN:87,(anonymous_7)
FN:94,(anonymous_8)
FN:100,(anonymous_9)
FN:106,(anonymous_10)
FNF:11
FNH:4
FNDA:7,(anonymous_0)
FNDA:1,Logger
FNDA:7,(anonymous_2)
FNDA:0,(anonymous_3)
FNDA:0,(anonymous_4)
FNDA:0,copyFile
FNDA:0,(anonymous_6)
FNDA:0,(anonymous_7)
FNDA:0,(anonymous_8)
FNDA:0,(anonymous_9)
FNDA:6,(anonymous_10)
DA:1,1
DA:2,1
DA:3,1
DA:4,1
DA:5,1
DA:6,1
DA:8,1
DA:11,7
DA:17,1
DA:18,1
DA:21,1
DA:22,1
DA:23,1
DA:24,1
DA:26,1
DA:28,1
DA:29,1
DA:31,1
DA:38,7
DA:42,1
DA:43,0
DA:44,0
DA:45,0
DA:46,0
DA:47,0
DA:48,0
DA:49,0
DA:50,0
DA:51,0
DA:52,0
DA:57,1
DA:59,1
DA:64,1
DA:65,1
DA:67,1
DA:70,0
DA:74,0
DA:81,0
DA:83,0
DA:84,0
DA:87,0
DA:88,0
DA:91,0
DA:94,1
DA:95,0
DA:96,0
DA:100,1
DA:101,0
DA:102,0
DA:106,1
DA:107,6
DA:108,6
DA:113,1
LF:53
LH:31
BRDA:24,0,0,1
BRDA:24,0,1,0
BRDA:26,1,0,1
BRDA:26,1,1,0
BRDA:44,2,0,0
BRDA:44,2,1,0
BRDA:50,3,0,0
BRDA:50,3,1,0
BRDA:95,4,0,0
BRDA:95,4,1,0
BRDA:101,5,0,0
BRDA:101,5,1,0
BRDA:107,6,0,6
BRDA:107,6,1,0
BRF:14
BRH:3
end_of_record
TN:
SF:bin\components\WF\index.js
FN:4,(anonymous_0)
FNF:1
FNH:1
FNDA:1,(anonymous_0)
DA:1,1
DA:3,1
DA:5,1
LF:3
LH:3
BRF:0
BRH:0
end_of_record
TN:
SF:bin\components\WF\workflow412.js
FN:7,(anonymous_0)
FN:13,(anonymous_1)
FN:58,(anonymous_2)
FN:104,(anonymous_3)
FN:150,(anonymous_4)
FN:194,(anonymous_5)
FN:241,(anonymous_6)
FN:254,(anonymous_7)
FN:268,(anonymous_8)
FN:292,LoginWorkFlow
FN:313,StartBrowser
FNF:11
FNH:10
FNDA:1,(anonymous_0)
FNDA:1,(anonymous_1)
FNDA:1,(anonymous_2)
FNDA:1,(anonymous_3)
FNDA:1,(anonymous_4)
FNDA:1,(anonymous_5)
FNDA:1,(anonymous_6)
FNDA:0,(anonymous_7)
FNDA:1,(anonymous_8)
FNDA:1,LoginWorkFlow
FNDA:1,StartBrowser
DA:1,1
DA:2,1
DA:3,1
DA:4,1
DA:8,1
DA:9,1
DA:10,1
DA:14,1
DA:16,1
DA:18,1
DA:19,0
DA:21,0
DA:22,0
DA:24,0
DA:25,0
DA:28,0
DA:30,0
DA:32,0
DA:34,0
DA:35,0
DA:38,0
DA:39,0
DA:42,0
DA:45,0
DA:46,0
DA:49,0
DA:50,0
DA:53,1
DA:59,1
DA:61,1
DA:63,1
DA:64,0
DA:66,0
DA:67,0
DA:69,0
DA:70,0
DA:73,0
DA:76,0
DA:78,0
DA:80,0
DA:81,0
DA:84,0
DA:85,0
DA:88,0
DA:91,0
DA:92,0
DA:95,0
DA:96,0
DA:99,1
DA:105,1
DA:107,1
DA:109,1
DA:110,0
DA:112,0
DA:113,0
DA:115,0
DA:116,0
DA:119,0
DA:122,0
DA:124,0
DA:126,0
DA:127,0
DA:130,0
DA:131,0
DA:134,0
DA:137,0
DA:138,0
DA:141,0
DA:142,0
DA:146,1
DA:151,1
DA:153,1
DA:156,1
DA:157,0
DA:160,0
DA:161,0
DA:164,0
DA:167,0
DA:171,0
DA:172,0
DA:175,0
DA:176,0
DA:179,0
DA:182,0
DA:183,0
DA:186,0
DA:187,0
DA:190,1
DA:195,1
DA:197,1
DA:200,1
DA:201,0
DA:204,0
DA:205,0
DA:208,0
DA:211,0
DA:213,0
DA:216,0
DA:217,0
DA:220,0
DA:221,0
DA:224,0
DA:225,0
DA:228,0
DA:229,0
DA:232,0
DA:233,0
DA:236,1
DA:243,1
DA:245,1
DA:247,1
DA:250,1
DA:251,1
DA:254,1
DA:255,0
DA:257,0
DA:260,0
DA:261,0
DA:264,1
DA:269,1
DA:271,1
DA:274,1
DA:277,1
DA:280,1
DA:281,1
DA:284,1
DA:287,0
DA:296,1
DA:299,1
DA:302,1
DA:305,1
DA:306,1
DA:309,0
DA:314,1
DA:317,1
DA:324,1
DA:326,0
DA:330,1
LF:138
LH:50
BRDA:28,0,0,0
BRDA:28,0,1,0
BRDA:73,1,0,0
BRDA:73,1,1,0
BRDA:119,2,0,0
BRDA:119,2,1,0
BRDA:164,3,0,0
BRDA:164,3,1,0
BRDA:208,4,0,0
BRDA:208,4,1,0
BRF:10
BRH:0
end_of_record
TN:
SF:resources\config.js
FNF:0
FNH:0
DA:1,1
LF:1
LH:1
BRF:0
BRH:0
end_of_record
TN:
SF:resources\util.js
FN:1,(anonymous_0)
FNF:1
FNH:1
FNDA:2,(anonymous_0)
DA:1,1
DA:2,2
DA:3,2
DA:4,2
DA:7,0
DA:11,1
LF:6
LH:5
BRF:0
BRH:0
end_of_record
TN:
SF:resources\Dictionaries\workflow412.js
FNF:0
FNH:0
DA:1,1
LF:1
LH:1
BRF:0
BRH:0
end_of_record
TN:
SF:resources\Schemas\ConfigSchema.js
FNF:0
FNH:0
DA:1,1
LF:1
LH:1
BRF:0
BRH:0
end_of_record
TN:
SF:resources\Schemas\SchemasHandler.js
FNF:0
FNH:0
DA:1,1
DA:3,1
LF:2
LH:2
BRF:0
BRH:0
end_of_record
