{"C:\\Syncade\\Automated_Tests\\pupeeter-test-wf412\\bin\\components\\Common\\constants.js": {"path":"C:\\Syncade\\Automated_Tests\\pupeeter-test-wf412\\bin\\components\\Common\\constants.js","statementMap":{"0":{"start":{"line":1,"column":0},"end":{"line":15,"column":1}}},"fnMap":{},"branchMap":{},"s":{"0":1},"f":{},"b":{},"_coverageSchema":"1a1c01bbd47fc00a2c39e90264f33305004495a9","hash":"8571799bd1cdef144a4eff6d939b96faf4f4f8af"}
,"C:\\Syncade\\Automated_Tests\\pupeeter-test-wf412\\bin\\components\\Common\\errors.js": {"path":"C:\\Syncade\\Automated_Tests\\pupeeter-test-wf412\\bin\\components\\Common\\errors.js","statementMap":{"0":{"start":{"line":1,"column":0},"end":{"line":4,"column":1}}},"fnMap":{},"branchMap":{},"s":{"0":1},"f":{},"b":{},"_coverageSchema":"1a1c01bbd47fc00a2c39e90264f33305004495a9","hash":"2d1b56e6282d8478c878c454242ac26182fa0cf6"}
,"C:\\Syncade\\Automated_Tests\\pupeeter-test-wf412\\bin\\components\\Common\\index.js": {"path":"C:\\Syncade\\Automated_Tests\\pupeeter-test-wf412\\bin\\components\\Common\\index.js","statementMap":{"0":{"start":{"line":1,"column":18},"end":{"line":1,"column":40}},"1":{"start":{"line":2,"column":15},"end":{"line":2,"column":34}},"2":{"start":{"line":3,"column":17},"end":{"line":3,"column":38}},"3":{"start":{"line":4,"column":15},"end":{"line":4,"column":33}},"4":{"start":{"line":5,"column":12},"end":{"line":5,"column":26}},"5":{"start":{"line":9,"column":4},"end":{"line":9,"column":25}},"6":{"start":{"line":10,"column":4},"end":{"line":10,"column":31}},"7":{"start":{"line":11,"column":4},"end":{"line":11,"column":25}},"8":{"start":{"line":12,"column":4},"end":{"line":12,"column":29}},"9":{"start":{"line":13,"column":4},"end":{"line":13,"column":37}},"10":{"start":{"line":14,"column":4},"end":{"line":14,"column":25}},"11":{"start":{"line":15,"column":4},"end":{"line":15,"column":27}},"12":{"start":{"line":18,"column":0},"end":{"line":24,"column":1}},"13":{"start":{"line":19,"column":12},"end":{"line":19,"column":23}},"14":{"start":{"line":20,"column":4},"end":{"line":22,"column":5}},"15":{"start":{"line":21,"column":8},"end":{"line":21,"column":72}},"16":{"start":{"line":23,"column":4},"end":{"line":23,"column":15}},"17":{"start":{"line":26,"column":0},"end":{"line":35,"column":1}},"18":{"start":{"line":27,"column":16},"end":{"line":27,"column":25}},"19":{"start":{"line":28,"column":16},"end":{"line":28,"column":41}},"20":{"start":{"line":29,"column":4},"end":{"line":34,"column":5}},"21":{"start":{"line":30,"column":8},"end":{"line":30,"column":51}},"22":{"start":{"line":33,"column":8},"end":{"line":33,"column":41}},"23":{"start":{"line":37,"column":0},"end":{"line":39,"column":1}},"24":{"start":{"line":38,"column":4},"end":{"line":38,"column":32}},"25":{"start":{"line":40,"column":0},"end":{"line":44,"column":1}},"26":{"start":{"line":42,"column":8},"end":{"line":42,"column":62}}},"fnMap":{"0":{"name":"Common","decl":{"start":{"line":8,"column":9},"end":{"line":8,"column":15}},"loc":{"start":{"line":8,"column":51},"end":{"line":16,"column":1}},"line":8},"1":{"name":"(anonymous_1)","decl":{"start":{"line":18,"column":26},"end":{"line":18,"column":27}},"loc":{"start":{"line":18,"column":44},"end":{"line":24,"column":1}},"line":18},"2":{"name":"(anonymous_2)","decl":{"start":{"line":26,"column":34},"end":{"line":26,"column":35}},"loc":{"start":{"line":26,"column":55},"end":{"line":35,"column":1}},"line":26},"3":{"name":"(anonymous_3)","decl":{"start":{"line":37,"column":30},"end":{"line":37,"column":31}},"loc":{"start":{"line":37,"column":40},"end":{"line":39,"column":1}},"line":37},"4":{"name":"(anonymous_4)","decl":{"start":{"line":41,"column":11},"end":{"line":41,"column":12}},"loc":{"start":{"line":41,"column":55},"end":{"line":43,"column":5}},"line":41}},"branchMap":{"0":{"loc":{"start":{"line":29,"column":4},"end":{"line":34,"column":5}},"type":"if","locations":[{"start":{"line":29,"column":4},"end":{"line":34,"column":5}},{"start":{"line":29,"column":4},"end":{"line":34,"column":5}}],"line":29}},"s":{"0":1,"1":1,"2":1,"3":1,"4":1,"5":1,"6":1,"7":1,"8":1,"9":1,"10":1,"11":1,"12":1,"13":0,"14":0,"15":0,"16":0,"17":1,"18":0,"19":0,"20":0,"21":0,"22":0,"23":1,"24":0,"25":1,"26":1},"f":{"0":1,"1":0,"2":0,"3":0,"4":1},"b":{"0":[0,0]},"_coverageSchema":"1a1c01bbd47fc00a2c39e90264f33305004495a9","hash":"524501ee75bcffeee704482652503dd06f9f59ad"}
,"C:\\Syncade\\Automated_Tests\\pupeeter-test-wf412\\bin\\components\\Common\\messages.js": {"path":"C:\\Syncade\\Automated_Tests\\pupeeter-test-wf412\\bin\\components\\Common\\messages.js","statementMap":{"0":{"start":{"line":1,"column":0},"end":{"line":12,"column":1}}},"fnMap":{},"branchMap":{},"s":{"0":1},"f":{},"b":{},"_coverageSchema":"1a1c01bbd47fc00a2c39e90264f33305004495a9","hash":"765c97fcd1c108a3000a0d5822658496c38c4811"}
,"C:\\Syncade\\Automated_Tests\\pupeeter-test-wf412\\bin\\components\\Logger\\index.js": {"path":"C:\\Syncade\\Automated_Tests\\pupeeter-test-wf412\\bin\\components\\Logger\\index.js","statementMap":{"0":{"start":{"line":1,"column":15},"end":{"line":1,"column":31}},"1":{"start":{"line":2,"column":0},"end":{"line":6,"column":1}},"2":{"start":{"line":4,"column":8},"end":{"line":4,"column":34}}},"fnMap":{"0":{"name":"(anonymous_0)","decl":{"start":{"line":3,"column":11},"end":{"line":3,"column":12}},"loc":{"start":{"line":3,"column":27},"end":{"line":5,"column":5}},"line":3}},"branchMap":{},"s":{"0":1,"1":1,"2":1},"f":{"0":1},"b":{},"_coverageSchema":"1a1c01bbd47fc00a2c39e90264f33305004495a9","hash":"e23ec50490b95943744b190c9b18c191b604e6f7"}
,"C:\\Syncade\\Automated_Tests\\pupeeter-test-wf412\\bin\\components\\Logger\\log.js": {"path":"C:\\Syncade\\Automated_Tests\\pupeeter-test-wf412\\bin\\components\\Logger\\log.js","statementMap":{"0":{"start":{"line":1,"column":16},"end":{"line":1,"column":34}},"1":{"start":{"line":2,"column":0},"end":{"line":2,"column":37}},"2":{"start":{"line":3,"column":15},"end":{"line":3,"column":32}},"3":{"start":{"line":4,"column":11},"end":{"line":4,"column":30}},"4":{"start":{"line":5,"column":20},"end":{"line":5,"column":33}},"5":{"start":{"line":6,"column":10},"end":{"line":6,"column":27}},"6":{"start":{"line":8,"column":17},"end":{"line":15,"column":1}},"7":{"start":{"line":11,"column":3},"end":{"line":11,"column":50}},"8":{"start":{"line":17,"column":15},"end":{"line":17,"column":39}},"9":{"start":{"line":18,"column":13},"end":{"line":18,"column":28}},"10":{"start":{"line":21,"column":20},"end":{"line":21,"column":46}},"11":{"start":{"line":22,"column":1},"end":{"line":22,"column":22}},"12":{"start":{"line":23,"column":10},"end":{"line":23,"column":32}},"13":{"start":{"line":24,"column":1},"end":{"line":24,"column":68}},"14":{"start":{"line":26,"column":1},"end":{"line":75,"column":2}},"15":{"start":{"line":28,"column":2},"end":{"line":71,"column":3}},"16":{"start":{"line":29,"column":3},"end":{"line":29,"column":28}},"17":{"start":{"line":31,"column":19},"end":{"line":40,"column":5}},"18":{"start":{"line":38,"column":5},"end":{"line":38,"column":43}},"19":{"start":{"line":42,"column":3},"end":{"line":55,"column":6}},"20":{"start":{"line":43,"column":4},"end":{"line":43,"column":56}},"21":{"start":{"line":44,"column":4},"end":{"line":54,"column":5}},"22":{"start":{"line":45,"column":15},"end":{"line":45,"column":26}},"23":{"start":{"line":46,"column":26},"end":{"line":46,"column":44}},"24":{"start":{"line":47,"column":22},"end":{"line":47,"column":57}},"25":{"start":{"line":48,"column":29},"end":{"line":48,"column":84}},"26":{"start":{"line":49,"column":5},"end":{"line":53,"column":8}},"27":{"start":{"line":50,"column":6},"end":{"line":51,"column":48}},"28":{"start":{"line":51,"column":7},"end":{"line":51,"column":48}},"29":{"start":{"line":52,"column":6},"end":{"line":52,"column":63}},"30":{"start":{"line":57,"column":3},"end":{"line":57,"column":30}},"31":{"start":{"line":59,"column":3},"end":{"line":62,"column":6}},"32":{"start":{"line":64,"column":19},"end":{"line":64,"column":99}},"33":{"start":{"line":65,"column":3},"end":{"line":65,"column":87}},"34":{"start":{"line":67,"column":3},"end":{"line":67,"column":80}},"35":{"start":{"line":70,"column":3},"end":{"line":70,"column":11}},"36":{"start":{"line":74,"column":2},"end":{"line":74,"column":78}},"37":{"start":{"line":81,"column":18},"end":{"line":81,"column":51}},"38":{"start":{"line":83,"column":1},"end":{"line":85,"column":4}},"39":{"start":{"line":84,"column":2},"end":{"line":84,"column":19}},"40":{"start":{"line":87,"column":1},"end":{"line":89,"column":4}},"41":{"start":{"line":88,"column":2},"end":{"line":88,"column":53}},"42":{"start":{"line":91,"column":1},"end":{"line":91,"column":54}},"43":{"start":{"line":94,"column":0},"end":{"line":98,"column":2}},"44":{"start":{"line":95,"column":1},"end":{"line":97,"column":2}},"45":{"start":{"line":96,"column":2},"end":{"line":96,"column":31}},"46":{"start":{"line":100,"column":0},"end":{"line":104,"column":2}},"47":{"start":{"line":101,"column":1},"end":{"line":103,"column":2}},"48":{"start":{"line":102,"column":2},"end":{"line":102,"column":23}},"49":{"start":{"line":106,"column":0},"end":{"line":110,"column":2}},"50":{"start":{"line":107,"column":1},"end":{"line":109,"column":2}},"51":{"start":{"line":108,"column":2},"end":{"line":108,"column":24}},"52":{"start":{"line":113,"column":0},"end":{"line":113,"column":24}}},"fnMap":{"0":{"name":"(anonymous_0)","decl":{"start":{"line":10,"column":13},"end":{"line":10,"column":14}},"loc":{"start":{"line":10,"column":25},"end":{"line":12,"column":3}},"line":10},"1":{"name":"Logger","decl":{"start":{"line":20,"column":9},"end":{"line":20,"column":15}},"loc":{"start":{"line":20,"column":24},"end":{"line":77,"column":1}},"line":20},"2":{"name":"(anonymous_2)","decl":{"start":{"line":37,"column":15},"end":{"line":37,"column":16}},"loc":{"start":{"line":37,"column":27},"end":{"line":39,"column":5}},"line":37},"3":{"name":"(anonymous_3)","decl":{"start":{"line":42,"column":26},"end":{"line":42,"column":27}},"loc":{"start":{"line":42,"column":62},"end":{"line":55,"column":4}},"line":42},"4":{"name":"(anonymous_4)","decl":{"start":{"line":49,"column":43},"end":{"line":49,"column":44}},"loc":{"start":{"line":49,"column":52},"end":{"line":53,"column":6}},"line":49},"5":{"name":"copyFile","decl":{"start":{"line":79,"column":9},"end":{"line":79,"column":17}},"loc":{"start":{"line":79,"column":29},"end":{"line":92,"column":1}},"line":79},"6":{"name":"(anonymous_6)","decl":{"start":{"line":83,"column":26},"end":{"line":83,"column":27}},"loc":{"start":{"line":83,"column":35},"end":{"line":85,"column":2}},"line":83},"7":{"name":"(anonymous_7)","decl":{"start":{"line":87,"column":24},"end":{"line":87,"column":25}},"loc":{"start":{"line":87,"column":30},"end":{"line":89,"column":2}},"line":87},"8":{"name":"(anonymous_8)","decl":{"start":{"line":94,"column":25},"end":{"line":94,"column":26}},"loc":{"start":{"line":94,"column":44},"end":{"line":98,"column":1}},"line":94},"9":{"name":"(anonymous_9)","decl":{"start":{"line":100,"column":24},"end":{"line":100,"column":25}},"loc":{"start":{"line":100,"column":43},"end":{"line":104,"column":1}},"line":100},"10":{"name":"(anonymous_10)","decl":{"start":{"line":106,"column":25},"end":{"line":106,"column":26}},"loc":{"start":{"line":106,"column":44},"end":{"line":110,"column":1}},"line":106}},"branchMap":{"0":{"loc":{"start":{"line":24,"column":1},"end":{"line":24,"column":67}},"type":"cond-expr","locations":[{"start":{"line":24,"column":33},"end":{"line":24,"column":60}},{"start":{"line":24,"column":63},"end":{"line":24,"column":67}}],"line":24},"1":{"loc":{"start":{"line":26,"column":1},"end":{"line":75,"column":2}},"type":"if","locations":[{"start":{"line":26,"column":1},"end":{"line":75,"column":2}},{"start":{"line":26,"column":1},"end":{"line":75,"column":2}}],"line":26},"2":{"loc":{"start":{"line":44,"column":4},"end":{"line":54,"column":5}},"type":"if","locations":[{"start":{"line":44,"column":4},"end":{"line":54,"column":5}},{"start":{"line":44,"column":4},"end":{"line":54,"column":5}}],"line":44},"3":{"loc":{"start":{"line":50,"column":6},"end":{"line":51,"column":48}},"type":"if","locations":[{"start":{"line":50,"column":6},"end":{"line":51,"column":48}},{"start":{"line":50,"column":6},"end":{"line":51,"column":48}}],"line":50},"4":{"loc":{"start":{"line":95,"column":1},"end":{"line":97,"column":2}},"type":"if","locations":[{"start":{"line":95,"column":1},"end":{"line":97,"column":2}},{"start":{"line":95,"column":1},"end":{"line":97,"column":2}}],"line":95},"5":{"loc":{"start":{"line":101,"column":1},"end":{"line":103,"column":2}},"type":"if","locations":[{"start":{"line":101,"column":1},"end":{"line":103,"column":2}},{"start":{"line":101,"column":1},"end":{"line":103,"column":2}}],"line":101},"6":{"loc":{"start":{"line":107,"column":1},"end":{"line":109,"column":2}},"type":"if","locations":[{"start":{"line":107,"column":1},"end":{"line":109,"column":2}},{"start":{"line":107,"column":1},"end":{"line":109,"column":2}}],"line":107}},"s":{"0":1,"1":1,"2":1,"3":1,"4":1,"5":1,"6":1,"7":7,"8":1,"9":1,"10":1,"11":1,"12":1,"13":1,"14":1,"15":1,"16":1,"17":1,"18":7,"19":1,"20":0,"21":0,"22":0,"23":0,"24":0,"25":0,"26":0,"27":0,"28":0,"29":0,"30":1,"31":1,"32":1,"33":1,"34":1,"35":0,"36":0,"37":0,"38":0,"39":0,"40":0,"41":0,"42":0,"43":1,"44":0,"45":0,"46":1,"47":0,"48":0,"49":1,"50":6,"51":6,"52":1},"f":{"0":7,"1":1,"2":7,"3":0,"4":0,"5":0,"6":0,"7":0,"8":0,"9":0,"10":6},"b":{"0":[1,0],"1":[1,0],"2":[0,0],"3":[0,0],"4":[0,0],"5":[0,0],"6":[6,0]},"_coverageSchema":"1a1c01bbd47fc00a2c39e90264f33305004495a9","hash":"f345f22d1d1cf3668e7a8f2f9c5a780bd82ad9ca"}
,"C:\\Syncade\\Automated_Tests\\pupeeter-test-wf412\\bin\\components\\WF\\index.js": {"path":"C:\\Syncade\\Automated_Tests\\pupeeter-test-wf412\\bin\\components\\WF\\index.js","statementMap":{"0":{"start":{"line":1,"column":14},"end":{"line":1,"column":38}},"1":{"start":{"line":3,"column":0},"end":{"line":7,"column":1}},"2":{"start":{"line":5,"column":2},"end":{"line":5,"column":27}}},"fnMap":{"0":{"name":"(anonymous_0)","decl":{"start":{"line":4,"column":9},"end":{"line":4,"column":10}},"loc":{"start":{"line":4,"column":27},"end":{"line":6,"column":2}},"line":4}},"branchMap":{},"s":{"0":1,"1":1,"2":1},"f":{"0":1},"b":{},"_coverageSchema":"1a1c01bbd47fc00a2c39e90264f33305004495a9","hash":"61576feebd30b96525746ca898dda5808cd72211"}
,"C:\\Syncade\\Automated_Tests\\pupeeter-test-wf412\\bin\\components\\WF\\workflow412.js": {"path":"C:\\Syncade\\Automated_Tests\\pupeeter-test-wf412\\bin\\components\\WF\\workflow412.js","statementMap":{"0":{"start":{"line":1,"column":18},"end":{"line":1,"column":38}},"1":{"start":{"line":2,"column":13},"end":{"line":2,"column":47}},"2":{"start":{"line":3,"column":22},"end":{"line":3,"column":76}},"3":{"start":{"line":4,"column":11},"end":{"line":4,"column":24}},"4":{"start":{"line":8,"column":2},"end":{"line":8,"column":23}},"5":{"start":{"line":9,"column":2},"end":{"line":9,"column":30}},"6":{"start":{"line":10,"column":2},"end":{"line":10,"column":19}},"7":{"start":{"line":14,"column":13},"end":{"line":14,"column":17}},"8":{"start":{"line":16,"column":2},"end":{"line":54,"column":3}},"9":{"start":{"line":18,"column":3},"end":{"line":18,"column":84}},"10":{"start":{"line":19,"column":3},"end":{"line":19,"column":40}},"11":{"start":{"line":21,"column":3},"end":{"line":21,"column":100}},"12":{"start":{"line":22,"column":3},"end":{"line":22,"column":40}},"13":{"start":{"line":24,"column":3},"end":{"line":24,"column":114}},"14":{"start":{"line":25,"column":3},"end":{"line":25,"column":40}},"15":{"start":{"line":28,"column":3},"end":{"line":31,"column":4}},"16":{"start":{"line":30,"column":4},"end":{"line":30,"column":92}},"17":{"start":{"line":32,"column":3},"end":{"line":32,"column":40}},"18":{"start":{"line":34,"column":3},"end":{"line":34,"column":101}},"19":{"start":{"line":35,"column":3},"end":{"line":35,"column":40}},"20":{"start":{"line":38,"column":3},"end":{"line":38,"column":93}},"21":{"start":{"line":39,"column":3},"end":{"line":39,"column":40}},"22":{"start":{"line":42,"column":3},"end":{"line":42,"column":42}},"23":{"start":{"line":45,"column":3},"end":{"line":45,"column":118}},"24":{"start":{"line":46,"column":3},"end":{"line":46,"column":40}},"25":{"start":{"line":49,"column":3},"end":{"line":49,"column":94}},"26":{"start":{"line":50,"column":3},"end":{"line":50,"column":40}},"27":{"start":{"line":53,"column":3},"end":{"line":53,"column":127}},"28":{"start":{"line":59,"column":13},"end":{"line":59,"column":17}},"29":{"start":{"line":61,"column":2},"end":{"line":100,"column":3}},"30":{"start":{"line":63,"column":3},"end":{"line":63,"column":84}},"31":{"start":{"line":64,"column":3},"end":{"line":64,"column":39}},"32":{"start":{"line":66,"column":3},"end":{"line":66,"column":101}},"33":{"start":{"line":67,"column":3},"end":{"line":67,"column":40}},"34":{"start":{"line":69,"column":3},"end":{"line":69,"column":114}},"35":{"start":{"line":70,"column":3},"end":{"line":70,"column":40}},"36":{"start":{"line":73,"column":3},"end":{"line":77,"column":4}},"37":{"start":{"line":76,"column":4},"end":{"line":76,"column":92}},"38":{"start":{"line":78,"column":3},"end":{"line":78,"column":40}},"39":{"start":{"line":80,"column":3},"end":{"line":80,"column":101}},"40":{"start":{"line":81,"column":3},"end":{"line":81,"column":40}},"41":{"start":{"line":84,"column":3},"end":{"line":84,"column":93}},"42":{"start":{"line":85,"column":3},"end":{"line":85,"column":40}},"43":{"start":{"line":88,"column":3},"end":{"line":88,"column":42}},"44":{"start":{"line":91,"column":3},"end":{"line":91,"column":118}},"45":{"start":{"line":92,"column":3},"end":{"line":92,"column":40}},"46":{"start":{"line":95,"column":3},"end":{"line":95,"column":94}},"47":{"start":{"line":96,"column":3},"end":{"line":96,"column":40}},"48":{"start":{"line":99,"column":3},"end":{"line":99,"column":129}},"49":{"start":{"line":105,"column":13},"end":{"line":105,"column":17}},"50":{"start":{"line":107,"column":2},"end":{"line":147,"column":3}},"51":{"start":{"line":109,"column":3},"end":{"line":109,"column":84}},"52":{"start":{"line":110,"column":3},"end":{"line":110,"column":39}},"53":{"start":{"line":112,"column":3},"end":{"line":112,"column":100}},"54":{"start":{"line":113,"column":3},"end":{"line":113,"column":40}},"55":{"start":{"line":115,"column":3},"end":{"line":115,"column":114}},"56":{"start":{"line":116,"column":3},"end":{"line":116,"column":40}},"57":{"start":{"line":119,"column":3},"end":{"line":123,"column":4}},"58":{"start":{"line":122,"column":4},"end":{"line":122,"column":92}},"59":{"start":{"line":124,"column":3},"end":{"line":124,"column":40}},"60":{"start":{"line":126,"column":3},"end":{"line":126,"column":101}},"61":{"start":{"line":127,"column":3},"end":{"line":127,"column":40}},"62":{"start":{"line":130,"column":3},"end":{"line":130,"column":93}},"63":{"start":{"line":131,"column":3},"end":{"line":131,"column":40}},"64":{"start":{"line":134,"column":3},"end":{"line":134,"column":42}},"65":{"start":{"line":137,"column":3},"end":{"line":137,"column":118}},"66":{"start":{"line":138,"column":3},"end":{"line":138,"column":40}},"67":{"start":{"line":141,"column":3},"end":{"line":141,"column":94}},"68":{"start":{"line":142,"column":3},"end":{"line":142,"column":40}},"69":{"start":{"line":146,"column":3},"end":{"line":146,"column":131}},"70":{"start":{"line":151,"column":13},"end":{"line":151,"column":17}},"71":{"start":{"line":153,"column":2},"end":{"line":191,"column":3}},"72":{"start":{"line":156,"column":3},"end":{"line":156,"column":100}},"73":{"start":{"line":157,"column":3},"end":{"line":157,"column":40}},"74":{"start":{"line":160,"column":3},"end":{"line":160,"column":115}},"75":{"start":{"line":161,"column":3},"end":{"line":161,"column":40}},"76":{"start":{"line":164,"column":3},"end":{"line":168,"column":4}},"77":{"start":{"line":167,"column":4},"end":{"line":167,"column":92}},"78":{"start":{"line":171,"column":3},"end":{"line":171,"column":101}},"79":{"start":{"line":172,"column":3},"end":{"line":172,"column":40}},"80":{"start":{"line":175,"column":3},"end":{"line":175,"column":93}},"81":{"start":{"line":176,"column":3},"end":{"line":176,"column":40}},"82":{"start":{"line":179,"column":3},"end":{"line":179,"column":42}},"83":{"start":{"line":182,"column":3},"end":{"line":182,"column":118}},"84":{"start":{"line":183,"column":3},"end":{"line":183,"column":40}},"85":{"start":{"line":186,"column":3},"end":{"line":186,"column":94}},"86":{"start":{"line":187,"column":3},"end":{"line":187,"column":40}},"87":{"start":{"line":190,"column":3},"end":{"line":190,"column":127}},"88":{"start":{"line":195,"column":13},"end":{"line":195,"column":17}},"89":{"start":{"line":197,"column":2},"end":{"line":237,"column":3}},"90":{"start":{"line":200,"column":3},"end":{"line":200,"column":100}},"91":{"start":{"line":201,"column":3},"end":{"line":201,"column":40}},"92":{"start":{"line":204,"column":3},"end":{"line":204,"column":89}},"93":{"start":{"line":205,"column":3},"end":{"line":205,"column":40}},"94":{"start":{"line":208,"column":3},"end":{"line":212,"column":4}},"95":{"start":{"line":211,"column":4},"end":{"line":211,"column":90}},"96":{"start":{"line":213,"column":3},"end":{"line":213,"column":40}},"97":{"start":{"line":216,"column":3},"end":{"line":216,"column":98}},"98":{"start":{"line":217,"column":3},"end":{"line":217,"column":40}},"99":{"start":{"line":220,"column":3},"end":{"line":220,"column":91}},"100":{"start":{"line":221,"column":3},"end":{"line":221,"column":40}},"101":{"start":{"line":224,"column":3},"end":{"line":224,"column":42}},"102":{"start":{"line":225,"column":3},"end":{"line":225,"column":40}},"103":{"start":{"line":228,"column":3},"end":{"line":228,"column":92}},"104":{"start":{"line":229,"column":3},"end":{"line":229,"column":40}},"105":{"start":{"line":232,"column":3},"end":{"line":232,"column":100}},"106":{"start":{"line":233,"column":3},"end":{"line":233,"column":40}},"107":{"start":{"line":236,"column":3},"end":{"line":236,"column":131}},"108":{"start":{"line":243,"column":13},"end":{"line":243,"column":17}},"109":{"start":{"line":245,"column":2},"end":{"line":265,"column":3}},"110":{"start":{"line":247,"column":3},"end":{"line":247,"column":71}},"111":{"start":{"line":250,"column":3},"end":{"line":250,"column":76}},"112":{"start":{"line":251,"column":3},"end":{"line":251,"column":40}},"113":{"start":{"line":254,"column":3},"end":{"line":256,"column":6}},"114":{"start":{"line":255,"column":4},"end":{"line":255,"column":53}},"115":{"start":{"line":257,"column":3},"end":{"line":257,"column":40}},"116":{"start":{"line":260,"column":3},"end":{"line":260,"column":75}},"117":{"start":{"line":261,"column":3},"end":{"line":261,"column":40}},"118":{"start":{"line":264,"column":3},"end":{"line":264,"column":117}},"119":{"start":{"line":269,"column":13},"end":{"line":269,"column":17}},"120":{"start":{"line":271,"column":2},"end":{"line":288,"column":3}},"121":{"start":{"line":274,"column":3},"end":{"line":274,"column":47}},"122":{"start":{"line":277,"column":3},"end":{"line":277,"column":52}},"123":{"start":{"line":280,"column":3},"end":{"line":280,"column":101}},"124":{"start":{"line":281,"column":3},"end":{"line":281,"column":40}},"125":{"start":{"line":284,"column":3},"end":{"line":284,"column":48}},"126":{"start":{"line":287,"column":3},"end":{"line":287,"column":117}},"127":{"start":{"line":296,"column":1},"end":{"line":310,"column":2}},"128":{"start":{"line":299,"column":2},"end":{"line":299,"column":71}},"129":{"start":{"line":302,"column":2},"end":{"line":302,"column":70}},"130":{"start":{"line":305,"column":2},"end":{"line":305,"column":42}},"131":{"start":{"line":306,"column":2},"end":{"line":306,"column":39}},"132":{"start":{"line":309,"column":2},"end":{"line":309,"column":122}},"133":{"start":{"line":314,"column":1},"end":{"line":327,"column":2}},"134":{"start":{"line":317,"column":18},"end":{"line":323,"column":4}},"135":{"start":{"line":324,"column":2},"end":{"line":324,"column":17}},"136":{"start":{"line":326,"column":2},"end":{"line":326,"column":72}},"137":{"start":{"line":330,"column":0},"end":{"line":330,"column":36}}},"fnMap":{"0":{"name":"(anonymous_0)","decl":{"start":{"line":7,"column":1},"end":{"line":7,"column":2}},"loc":{"start":{"line":7,"column":21},"end":{"line":11,"column":2}},"line":7},"1":{"name":"(anonymous_1)","decl":{"start":{"line":13,"column":1},"end":{"line":13,"column":2}},"loc":{"start":{"line":13,"column":34},"end":{"line":56,"column":2}},"line":13},"2":{"name":"(anonymous_2)","decl":{"start":{"line":58,"column":1},"end":{"line":58,"column":2}},"loc":{"start":{"line":58,"column":35},"end":{"line":102,"column":2}},"line":58},"3":{"name":"(anonymous_3)","decl":{"start":{"line":104,"column":1},"end":{"line":104,"column":2}},"loc":{"start":{"line":104,"column":34},"end":{"line":148,"column":2}},"line":104},"4":{"name":"(anonymous_4)","decl":{"start":{"line":150,"column":1},"end":{"line":150,"column":2}},"loc":{"start":{"line":150,"column":34},"end":{"line":192,"column":2}},"line":150},"5":{"name":"(anonymous_5)","decl":{"start":{"line":194,"column":1},"end":{"line":194,"column":2}},"loc":{"start":{"line":194,"column":34},"end":{"line":239,"column":2}},"line":194},"6":{"name":"(anonymous_6)","decl":{"start":{"line":241,"column":1},"end":{"line":241,"column":2}},"loc":{"start":{"line":241,"column":30},"end":{"line":266,"column":2}},"line":241},"7":{"name":"(anonymous_7)","decl":{"start":{"line":254,"column":28},"end":{"line":254,"column":29}},"loc":{"start":{"line":254,"column":34},"end":{"line":256,"column":4}},"line":254},"8":{"name":"(anonymous_8)","decl":{"start":{"line":268,"column":1},"end":{"line":268,"column":2}},"loc":{"start":{"line":268,"column":40},"end":{"line":289,"column":2}},"line":268},"9":{"name":"LoginWorkFlow","decl":{"start":{"line":292,"column":15},"end":{"line":292,"column":28}},"loc":{"start":{"line":292,"column":55},"end":{"line":311,"column":1}},"line":292},"10":{"name":"StartBrowser","decl":{"start":{"line":313,"column":15},"end":{"line":313,"column":27}},"loc":{"start":{"line":313,"column":30},"end":{"line":328,"column":1}},"line":313}},"branchMap":{"0":{"loc":{"start":{"line":28,"column":3},"end":{"line":31,"column":4}},"type":"if","locations":[{"start":{"line":28,"column":3},"end":{"line":31,"column":4}},{"start":{"line":28,"column":3},"end":{"line":31,"column":4}}],"line":28},"1":{"loc":{"start":{"line":73,"column":3},"end":{"line":77,"column":4}},"type":"if","locations":[{"start":{"line":73,"column":3},"end":{"line":77,"column":4}},{"start":{"line":73,"column":3},"end":{"line":77,"column":4}}],"line":73},"2":{"loc":{"start":{"line":119,"column":3},"end":{"line":123,"column":4}},"type":"if","locations":[{"start":{"line":119,"column":3},"end":{"line":123,"column":4}},{"start":{"line":119,"column":3},"end":{"line":123,"column":4}}],"line":119},"3":{"loc":{"start":{"line":164,"column":3},"end":{"line":168,"column":4}},"type":"if","locations":[{"start":{"line":164,"column":3},"end":{"line":168,"column":4}},{"start":{"line":164,"column":3},"end":{"line":168,"column":4}}],"line":164},"4":{"loc":{"start":{"line":208,"column":3},"end":{"line":212,"column":4}},"type":"if","locations":[{"start":{"line":208,"column":3},"end":{"line":212,"column":4}},{"start":{"line":208,"column":3},"end":{"line":212,"column":4}}],"line":208}},"s":{"0":1,"1":1,"2":1,"3":1,"4":1,"5":1,"6":1,"7":1,"8":1,"9":1,"10":0,"11":0,"12":0,"13":0,"14":0,"15":0,"16":0,"17":0,"18":0,"19":0,"20":0,"21":0,"22":0,"23":0,"24":0,"25":0,"26":0,"27":1,"28":1,"29":1,"30":1,"31":0,"32":0,"33":0,"34":0,"35":0,"36":0,"37":0,"38":0,"39":0,"40":0,"41":0,"42":0,"43":0,"44":0,"45":0,"46":0,"47":0,"48":1,"49":1,"50":1,"51":1,"52":0,"53":0,"54":0,"55":0,"56":0,"57":0,"58":0,"59":0,"60":0,"61":0,"62":0,"63":0,"64":0,"65":0,"66":0,"67":0,"68":0,"69":1,"70":1,"71":1,"72":1,"73":0,"74":0,"75":0,"76":0,"77":0,"78":0,"79":0,"80":0,"81":0,"82":0,"83":0,"84":0,"85":0,"86":0,"87":1,"88":1,"89":1,"90":1,"91":0,"92":0,"93":0,"94":0,"95":0,"96":0,"97":0,"98":0,"99":0,"100":0,"101":0,"102":0,"103":0,"104":0,"105":0,"106":0,"107":1,"108":1,"109":1,"110":1,"111":0,"112":0,"113":0,"114":0,"115":0,"116":0,"117":0,"118":1,"119":1,"120":1,"121":1,"122":1,"123":1,"124":1,"125":1,"126":0,"127":1,"128":1,"129":1,"130":1,"131":1,"132":0,"133":1,"134":1,"135":1,"136":0,"137":1},"f":{"0":1,"1":1,"2":1,"3":1,"4":1,"5":1,"6":1,"7":0,"8":1,"9":1,"10":1},"b":{"0":[0,0],"1":[0,0],"2":[0,0],"3":[0,0],"4":[0,0]},"_coverageSchema":"1a1c01bbd47fc00a2c39e90264f33305004495a9","hash":"2a5e3a43f39b924defd1de304349e4ca58d8d926"}
,"C:\\Syncade\\Automated_Tests\\pupeeter-test-wf412\\resources\\config.js": {"path":"C:\\Syncade\\Automated_Tests\\pupeeter-test-wf412\\resources\\config.js","statementMap":{"0":{"start":{"line":1,"column":0},"end":{"line":28,"column":1}}},"fnMap":{},"branchMap":{},"s":{"0":1},"f":{},"b":{},"_coverageSchema":"1a1c01bbd47fc00a2c39e90264f33305004495a9","hash":"8bb416f6380407431a4f4c70646509bc7b0fd933"}
,"C:\\Syncade\\Automated_Tests\\pupeeter-test-wf412\\resources\\util.js": {"path":"C:\\Syncade\\Automated_Tests\\pupeeter-test-wf412\\resources\\util.js","statementMap":{"0":{"start":{"line":1,"column":24},"end":{"line":9,"column":1}},"1":{"start":{"line":2,"column":4},"end":{"line":8,"column":5}},"2":{"start":{"line":3,"column":24},"end":{"line":3,"column":49}},"3":{"start":{"line":4,"column":8},"end":{"line":4,"column":26}},"4":{"start":{"line":7,"column":8},"end":{"line":7,"column":125}},"5":{"start":{"line":11,"column":0},"end":{"line":13,"column":1}}},"fnMap":{"0":{"name":"(anonymous_0)","decl":{"start":{"line":1,"column":24},"end":{"line":1,"column":25}},"loc":{"start":{"line":1,"column":46},"end":{"line":9,"column":1}},"line":1}},"branchMap":{},"s":{"0":1,"1":2,"2":2,"3":2,"4":0,"5":1},"f":{"0":2},"b":{},"_coverageSchema":"1a1c01bbd47fc00a2c39e90264f33305004495a9","hash":"d254340b5bcad97726579c274bcf0dac07694dcf"}
,"C:\\Syncade\\Automated_Tests\\pupeeter-test-wf412\\resources\\Dictionaries\\workflow412.js": {"path":"C:\\Syncade\\Automated_Tests\\pupeeter-test-wf412\\resources\\Dictionaries\\workflow412.js","statementMap":{"0":{"start":{"line":1,"column":0},"end":{"line":55,"column":1}}},"fnMap":{},"branchMap":{},"s":{"0":1},"f":{},"b":{},"_coverageSchema":"1a1c01bbd47fc00a2c39e90264f33305004495a9","hash":"165e14291650ce1553c772dc5a794e8d4d8e8c31"}
,"C:\\Syncade\\Automated_Tests\\pupeeter-test-wf412\\resources\\Schemas\\ConfigSchema.js": {"path":"C:\\Syncade\\Automated_Tests\\pupeeter-test-wf412\\resources\\Schemas\\ConfigSchema.js","statementMap":{"0":{"start":{"line":1,"column":0},"end":{"line":62,"column":2}}},"fnMap":{},"branchMap":{},"s":{"0":1},"f":{},"b":{},"_coverageSchema":"1a1c01bbd47fc00a2c39e90264f33305004495a9","hash":"980fc937f55f350765f4d288ae8c7aa7434c26bf"}
,"C:\\Syncade\\Automated_Tests\\pupeeter-test-wf412\\resources\\Schemas\\SchemasHandler.js": {"path":"C:\\Syncade\\Automated_Tests\\pupeeter-test-wf412\\resources\\Schemas\\SchemasHandler.js","statementMap":{"0":{"start":{"line":1,"column":21},"end":{"line":1,"column":46}},"1":{"start":{"line":3,"column":0},"end":{"line":5,"column":2}}},"fnMap":{},"branchMap":{},"s":{"0":1,"1":1},"f":{},"b":{},"_coverageSchema":"1a1c01bbd47fc00a2c39e90264f33305004495a9","hash":"6ea2d8eb9b3927137d56348b44a6cca23a3e3b8b"}
}
